0 info it worked if it ends with ok
1 verbose cli [ '/Users/steffenjahr/.nvm/versions/node/v6.6.0/bin/node',
1 verbose cli   '/Users/steffenjahr/.nvm/versions/node/v6.6.0/bin/npm',
1 verbose cli   'start' ]
2 info using npm@3.10.3
3 info using node@v6.6.0
4 verbose run-script [ 'prestart', 'start', 'poststart' ]
5 info lifecycle progressive_web_app_demo@1.0.0~prestart: progressive_web_app_demo@1.0.0
6 silly lifecycle progressive_web_app_demo@1.0.0~prestart: no script for prestart, continuing
7 info lifecycle progressive_web_app_demo@1.0.0~start: progressive_web_app_demo@1.0.0
8 verbose lifecycle progressive_web_app_demo@1.0.0~start: unsafe-perm in lifecycle true
9 verbose lifecycle progressive_web_app_demo@1.0.0~start: PATH: /Users/steffenjahr/.nvm/versions/node/v6.6.0/lib/node_modules/npm/bin/node-gyp-bin:/Users/steffenjahr/projects/Research/angular-progressive-web-app-demo/client/node_modules/.bin:/Users/steffenjahr/.nvm/versions/node/v6.6.0/bin:/usr/local/lib/dnx/runtimes/dnx-coreclr-darwin-x64.1.0.0-rc1-final/bin:/Users/steffenjahr/.dnx/bin:/Users/steffenjahr/.nvm/versions/node/v6.6.0/bin:/usr/local/bin:/usr/bin:/bin:/usr/sbin:/sbin:/Applications/Sublime Text.app/Contents/SharedSupport/bin:/Applications/Postgres.app/Contents/Versions/9.5/bin
10 verbose lifecycle progressive_web_app_demo@1.0.0~start: CWD: /Users/steffenjahr/projects/Research/angular-progressive-web-app-demo/client
11 silly lifecycle progressive_web_app_demo@1.0.0~start: Args: [ '-c', 'gulp dev-watch' ]
12 silly lifecycle progressive_web_app_demo@1.0.0~start: Returned: code: 1  signal: null
13 info lifecycle progressive_web_app_demo@1.0.0~start: Failed to exec start script
14 verbose stack Error: progressive_web_app_demo@1.0.0 start: `gulp dev-watch`
14 verbose stack Exit status 1
14 verbose stack     at EventEmitter.<anonymous> (/Users/steffenjahr/.nvm/versions/node/v6.6.0/lib/node_modules/npm/lib/utils/lifecycle.js:242:16)
14 verbose stack     at emitTwo (events.js:106:13)
14 verbose stack     at EventEmitter.emit (events.js:191:7)
14 verbose stack     at ChildProcess.<anonymous> (/Users/steffenjahr/.nvm/versions/node/v6.6.0/lib/node_modules/npm/lib/utils/spawn.js:40:14)
14 verbose stack     at emitTwo (events.js:106:13)
14 verbose stack     at ChildProcess.emit (events.js:191:7)
14 verbose stack     at maybeClose (internal/child_process.js:877:16)
14 verbose stack     at Process.ChildProcess._handle.onexit (internal/child_process.js:226:5)
15 verbose pkgid progressive_web_app_demo@1.0.0
16 verbose cwd /Users/steffenjahr/projects/Research/angular-progressive-web-app-demo/client
17 error Darwin 16.0.0
18 error argv "/Users/steffenjahr/.nvm/versions/node/v6.6.0/bin/node" "/Users/steffenjahr/.nvm/versions/node/v6.6.0/bin/npm" "start"
19 error node v6.6.0
20 error npm  v3.10.3
21 error code ELIFECYCLE
22 error progressive_web_app_demo@1.0.0 start: `gulp dev-watch`
22 error Exit status 1
23 error Failed at the progressive_web_app_demo@1.0.0 start script 'gulp dev-watch'.
23 error Make sure you have the latest version of node.js and npm installed.
23 error If you do, this is most likely a problem with the progressive_web_app_demo package,
23 error not with npm itself.
23 error Tell the author that this fails on your system:
23 error     gulp dev-watch
23 error You can get information on how to open an issue for this project with:
23 error     npm bugs progressive_web_app_demo
23 error Or if that isn't available, you can get their info via:
23 error     npm owner ls progressive_web_app_demo
23 error There is likely additional logging output above.
24 verbose exit [ 1, true ]
